<?xml version="1.0" encoding="UTF-8"?>
<!-- Generated by org.testng.reporters.JUnitReportReporter -->
<testsuite skipped="0" hostname="Karthick-PC" name="guru99Exercises.VerifyHomepage" tests="1" failures="0" timestamp="26 Aug 2018 07:21:31 GMT" time="1.306" errors="0">
  <testcase name="verifyHomepage" time="1.306" classname="guru99Exercises.VerifyHomepage"/>
</testsuite> <!-- guru99Exercises.VerifyHomepage -->
