<?xml version="1.0" encoding="UTF-8"?>
<!-- Generated by org.testng.reporters.JUnitReportReporter -->
<testsuite skipped="0" hostname="Karthick-PC" name="guru99Exercises.LoginCredentialsTestcases" tests="4" failures="0" timestamp="26 Aug 2018 07:21:31 GMT" time="27.857" errors="0">
  <testcase name="validCredetials" time="7.949" classname="guru99Exercises.LoginCredentialsTestcases"/>
  <testcase name="invalidUserID" time="4.663" classname="guru99Exercises.LoginCredentialsTestcases"/>
  <testcase name="invalidPassword" time="3.810" classname="guru99Exercises.LoginCredentialsTestcases"/>
  <testcase name="invalidCredentials" time="11.435" classname="guru99Exercises.LoginCredentialsTestcases"/>
</testsuite> <!-- guru99Exercises.LoginCredentialsTestcases -->
