<?xml version="1.0" encoding="UTF-8"?>
<!-- Generated by org.testng.reporters.JUnitReportReporter -->
<testsuite skipped="0" hostname="Karthick-PC" name="guru99Exercises.VerifyLoginUsingParameters" tests="1" failures="0" timestamp="26 Aug 2018 09:08:36 GMT" time="36.503" errors="0">
  <testcase name="test" time="36.503" classname="guru99Exercises.VerifyLoginUsingParameters"/>
</testsuite> <!-- guru99Exercises.VerifyLoginUsingParameters -->
